==================== FUZZ BEGIN 20260313-192119 ====================
[信息] 时间=2026-03-13 19:21:19 模式=nightly runs=100000000 max_total_time=- workers/jobs=1/9
[阶段] 正在运行 fuzz 二进制...
[信息] Fuzz 参数摘要: runs=100000000 workers/jobs=1/9 timeout=4 max_len=8192 rss_limit_mb=4096
pulse...
pulse...
pulse...
pulse...
pulse...
pulse...
pulse...
pulse...
pulse...
pulse...
pulse...
pulse...
pulse...
================== Job 0 exited with exit code 0 ============
INFO: Running with entropic power schedule (0xFF, 100).
INFO:     4913 files found in ./test/fuzzer/corpus
INFO: seed corpus: files: 4913 min: 1b max: 7448b total: 1760538b rss: 44Mb
###### Recommended dictionary. ######
"\377\3770111,21E-1,20?0123[\356111111111111,1:111811111Ea" # Uses: 1151953
"\000\000\000\000\000\000\000\000" # Uses: 605401
"\"inf\":null" # Uses: 473525
":{\012" # Uses: 524608
"\377\377\377\377\377\377\377\377" # Uses: 287427
"pa" # Uses: 156715
"\001J" # Uses: 38314
###### End of recommended dictionary. ######
pulse...
pulse...
pulse...
pulse...
pulse...
pulse...
pulse...
pulse...
pulse...
pulse...
pulse...
pulse...
pulse...
================== Job 1 exited with exit code 0 ============
INFO: Running with entropic power schedule (0xFF, 100).
INFO:     5032 files found in ./test/fuzzer/corpus
INFO: seed corpus: files: 5032 min: 1b max: 7448b total: 1819752b rss: 44Mb
###### Recommended dictionary. ######
"\001\000\000\000\000\000\000\000" # Uses: 1657976
"\021[\021[" # Uses: 1282991
###### End of recommended dictionary. ######
pulse...
pulse...
pulse...
pulse...
pulse...
pulse...
pulse...
pulse...
pulse...
pulse...
pulse...
pulse...
pulse...
pulse...
================== Job 2 exited with exit code 0 ============
INFO: Running with entropic power schedule (0xFF, 100).
INFO:     5159 files found in ./test/fuzzer/corpus
INFO: seed corpus: files: 5159 min: 1b max: 7448b total: 1884400b rss: 44Mb
###### Recommended dictionary. ######
"\001\000" # Uses: 2471127
###### End of recommended dictionary. ######
pulse...
pulse...
pulse...
pulse...
pulse...
pulse...
pulse...
pulse...
pulse...
pulse...
pulse...
pulse...
================== Job 3 exited with exit code 0 ============
INFO: Running with entropic power schedule (0xFF, 100).
INFO:     5307 files found in ./test/fuzzer/corpus
INFO: seed corpus: files: 5307 min: 1b max: 7448b total: 1961964b rss: 44Mb
###### Recommended dictionary. ######
"\000\000" # Uses: 89197
"fa" # Uses: 1711
###### End of recommended dictionary. ######
pulse...
pulse...
pulse...
pulse...
pulse...
pulse...
pulse...
pulse...
pulse...
pulse...
pulse...
pulse...
pulse...
================== Job 4 exited with exit code 0 ============
INFO: Running with entropic power schedule (0xFF, 100).
INFO:     5467 files found in ./test/fuzzer/corpus
INFO: seed corpus: files: 5467 min: 1b max: 7448b total: 2033881b rss: 45Mb
pulse...
pulse...
pulse...
pulse...
pulse...
pulse...
pulse...
pulse...
pulse...
pulse...
pulse...
pulse...
================== Job 5 exited with exit code 0 ============
INFO: Running with entropic power schedule (0xFF, 100).
INFO:     5602 files found in ./test/fuzzer/corpus
INFO: seed corpus: files: 5602 min: 1b max: 7448b total: 2101088b rss: 45Mb
###### Recommended dictionary. ######
"\"nan\":null" # Uses: 466376
"\377\377\377\377\377\377\377\377" # Uses: 258403
###### End of recommended dictionary. ######
pulse...
pulse...
pulse...
pulse...
pulse...
pulse...
pulse...
pulse...
pulse...
pulse...
pulse...
pulse...
pulse...
================== Job 6 exited with exit code 0 ============
INFO: Running with entropic power schedule (0xFF, 100).
INFO:     5745 files found in ./test/fuzzer/corpus
INFO: seed corpus: files: 5745 min: 1b max: 7448b total: 2168252b rss: 45Mb
pulse...
pulse...
pulse...
pulse...
pulse...
pulse...
pulse...
pulse...
pulse...
pulse...
pulse...
pulse...
pulse...
================== Job 7 exited with exit code 0 ============
INFO: Running with entropic power schedule (0xFF, 100).
INFO:     5874 files found in ./test/fuzzer/corpus
INFO: seed corpus: files: 5874 min: 1b max: 7448b total: 2222111b rss: 44Mb
pulse...
pulse...
pulse...
pulse...
pulse...
pulse...
pulse...
pulse...
pulse...
pulse...
pulse...
pulse...
================== Job 8 exited with exit code 0 ============
INFO: Running with entropic power schedule (0xFF, 100).
INFO:     5955 files found in ./test/fuzzer/corpus
INFO: seed corpus: files: 5955 min: 1b max: 7448b total: 2261164b rss: 45Mb
###### Recommended dictionary. ######
"p\335t0e" # Uses: 2521862
###### End of recommended dictionary. ######
==================== FUZZ END 20260313-192119 rc=0 ====================
